-------------------------------------------------------------------------------
Test set: edu.norcocollege.cis18b.week5.mini01.CollectionSelectionClinicTest
-------------------------------------------------------------------------------
Tests run: 2, Failures: 1, Errors: 0, Skipped: 0, Time elapsed: 0.240 s <<< FAILURE! -- in edu.norcocollege.cis18b.week5.mini01.CollectionSelectionClinicTest
edu.norcocollege.cis18b.week5.mini01.CollectionSelectionClinicTest.printsAtLeastSixScenariosAfterTodoIsCompleted -- Time elapsed: 0.135 s <<< FAILURE!
org.opentest4j.AssertionFailedError: Expected at least six scenarios after completing the TODO extension. ==> expected: <true> but was: <false>
	at org.junit.jupiter.api.AssertionFailureBuilder.build(AssertionFailureBuilder.java:151)
	at org.junit.jupiter.api.AssertionFailureBuilder.buildAndThrow(AssertionFailureBuilder.java:132)
	at org.junit.jupiter.api.AssertTrue.failNotTrue(AssertTrue.java:63)
	at org.junit.jupiter.api.AssertTrue.assertTrue(AssertTrue.java:36)
	at org.junit.jupiter.api.Assertions.assertTrue(Assertions.java:214)
	at edu.norcocollege.cis18b.week5.mini01.CollectionSelectionClinicTest.printsAtLeastSixScenariosAfterTodoIsCompleted(CollectionSelectionClinicTest.java:18)
	at java.base/java.lang.reflect.Method.invoke(Method.java:565)
	at java.base/java.util.ArrayList.forEach(ArrayList.java:1604)
	at java.base/java.util.ArrayList.forEach(ArrayList.java:1604)

