<?xml version="1.0" encoding="UTF-8"?>
<testsuite xmlns:xsi="http://www.w3.org/2001/XMLSchema-instance" xsi:noNamespaceSchemaLocation="https://maven.apache.org/surefire/maven-surefire-plugin/xsd/surefire-test-report-3.0.xsd" version="3.0" name="edu.norcocollege.cis18b.week5.mini01.CollectionSelectionClinicTest" time="0.24" tests="2" errors="0" skipped="0" failures="1">
  <properties>
[...]
</properties>
  <testcase name="printsAtLeastSixScenariosAfterTodoIsCompleted" classname="edu.norcocollege.cis18b.week5.mini01.CollectionSelectionClinicTest" time="0.135">
    <failure message="Expected at least six scenarios after completing the TODO extension. ==&gt; expected: &lt;true&gt; but was: &lt;false&gt;" type="org.opentest4j.AssertionFailedError"><![CDATA[org.opentest4j.AssertionFailedError: Expected at least six scenarios after completing the TODO extension. ==> expected: <true> but was: <false>
	at org.junit.jupiter.api.AssertionFailureBuilder.build(AssertionFailureBuilder.java:151)
	at org.junit.jupiter.api.AssertionFailureBuilder.buildAndThrow(AssertionFailureBuilder.java:132)
	at org.junit.jupiter.api.AssertTrue.failNotTrue(AssertTrue.java:63)
	at org.junit.jupiter.api.AssertTrue.assertTrue(AssertTrue.java:36)
	at org.junit.jupiter.api.Assertions.assertTrue(Assertions.java:214)
	at edu.norcocollege.cis18b.week5.mini01.CollectionSelectionClinicTest.printsAtLeastSixScenariosAfterTodoIsCompleted(CollectionSelectionClinicTest.java:18)
	at java.base/java.lang.reflect.Method.invoke(Method.java:565)
	at java.base/java.util.ArrayList.forEach(ArrayList.java:1604)
	at java.base/java.util.ArrayList.forEach(ArrayList.java:1604)
]]></failure>
  </testcase>
  <testcase name="everyScenarioHasMatchingChoiceAndJustificationLines" classname="edu.norcocollege.cis18b.week5.mini01.CollectionSelectionClinicTest" time="0.021"/>
</testsuite>